<?xml version="1.0" encoding="UTF-8"?>
<!-- Generated by org.testng.reporters.JUnitReportReporter -->
<testsuite hostname="Ananyas-MacBook-Pro.local" failures="0" tests="1" name="com.jan23.simpletests.CreateDataTest" time="4.964" errors="0" timestamp="2023-03-13T17:12:31 PDT" skipped="0">
  <testcase classname="com.jan23.simpletests.CreateDataTest" name="addUserData" time="4.964"/>
  <system-out/>
</testsuite> <!-- com.jan23.simpletests.CreateDataTest -->
