<?xml version="1.0" encoding="UTF-8"?>
<!-- Generated by org.testng.reporters.JUnitReportReporter -->
<testsuite hostname="Ananyas-MacBook-Pro.local" failures="0" tests="1" name="com.jan23.mainapitest.FirstApiTests" time="3.210" errors="0" timestamp="2023-03-13T16:18:39 PDT" skipped="0">
  <testcase classname="com.jan23.mainapitest.FirstApiTests" name="GetRequestToEmployees" time="3.210"/>
  <system-out/>
</testsuite> <!-- com.jan23.mainapitest.FirstApiTests -->
