<?xml version="1.0" encoding="UTF-8"?>
<!-- Generated by org.testng.reporters.JUnitReportReporter -->
<testsuite hostname="Ananyas-MacBook-Pro.local" failures="0" tests="1" name="com.jan23.simpletests.GetDataWithPOJOTest" time="4.957" errors="0" timestamp="2023-03-13T17:42:24 PDT" skipped="0">
  <testcase classname="com.jan23.simpletests.GetDataWithPOJOTest" name="loginToApi" time="4.957"/>
  <system-out/>
</testsuite> <!-- com.jan23.simpletests.GetDataWithPOJOTest -->
